<?xml version="1.0" encoding="UTF-8"?>
<!-- Generated by org.testng.reporters.JUnitReportReporter -->
<testsuite hostname="LAPTOP-S6NJ775N" failures="0" tests="2" name="TestSuiteDemoPckg.DemOClassB" time="0.007" errors="0" timestamp="2022-03-21T20:32:28 IST" skipped="0">
  <testcase classname="TestSuiteDemoPckg.DemOClassB" name="testA" time="0.005"/>
  <system-out/>
  <testcase classname="TestSuiteDemoPckg.DemOClassB" name="testB" time="0.002"/>
  <system-out/>
</testsuite> <!-- TestSuiteDemoPckg.DemOClassB -->
