<?xml version="1.0" encoding="UTF-8"?>
<!-- Generated by org.testng.reporters.JUnitReportReporter -->
<testsuite hostname="LAPTOP-S6NJ775N" failures="0" tests="6" name="tests.VerifyShopPageElements" time="0.000" errors="0" timestamp="2022-03-23T15:29:19 IST" skipped="6">
  <testcase classname="tests.VerifyShopPageElements" name="verifyChocolateBoxesTabLink" time="0.000">
    <skipped/>
  </testcase> <!-- verifyChocolateBoxesTabLink -->
  <system-out/>
  <testcase classname="tests.VerifyShopPageElements" name="verifyConfectionsTabLink" time="0.000">
    <skipped/>
  </testcase> <!-- verifyConfectionsTabLink -->
  <system-out/>
  <testcase classname="tests.VerifyShopPageElements" name="verifyGiftCollectionsLink" time="0.000">
    <skipped/>
  </testcase> <!-- verifyGiftCollectionsLink -->
  <system-out/>
  <testcase classname="tests.VerifyShopPageElements" name="verifyPartyFavoursLink" time="0.000">
    <skipped/>
  </testcase> <!-- verifyPartyFavoursLink -->
  <system-out/>
  <testcase classname="tests.VerifyShopPageElements" name="verifyCorPorateTabLink" time="0.000">
    <skipped/>
  </testcase> <!-- verifyCorPorateTabLink -->
  <system-out/>
  <testcase classname="tests.VerifyShopPageElements" name="verifProdutPageLink" time="0.000">
    <skipped/>
  </testcase> <!-- verifProdutPageLink -->
  <system-out/>
</testsuite> <!-- tests.VerifyShopPageElements -->
